Linked: (/home/huangyi/devspace/pybullet-test/devel/.private/robotiq_2f_gripper_msgs/include/robotiq_2f_gripper_msgs/CommandRobotiqGripperResult.h, /home/huangyi/devspace/pybullet-test/devel/include/robotiq_2f_gripper_msgs/CommandRobotiqGripperResult.h)
Linked: (/home/huangyi/devspace/pybullet-test/devel/.private/robotiq_2f_gripper_msgs/include/robotiq_2f_gripper_msgs/RobotiqGripperCommand.h, /home/huangyi/devspace/pybullet-test/devel/include/robotiq_2f_gripper_msgs/RobotiqGripperCommand.h)
Linked: (/home/huangyi/devspace/pybullet-test/devel/.private/robotiq_2f_gripper_msgs/include/robotiq_2f_gripper_msgs/CommandRobotiqGripperActionFeedback.h, /home/huangyi/devspace/pybullet-test/devel/include/robotiq_2f_gripper_msgs/CommandRobotiqGripperActionFeedback.h)
Linked: (/home/huangyi/devspace/pybullet-test/devel/.private/robotiq_2f_gripper_msgs/include/robotiq_2f_gripper_msgs/CommandRobotiqGripperAction.h, /home/huangyi/devspace/pybullet-test/devel/include/robotiq_2f_gripper_msgs/CommandRobotiqGripperAction.h)
Linked: (/home/huangyi/devspace/pybullet-test/devel/.private/robotiq_2f_gripper_msgs/include/robotiq_2f_gripper_msgs/CommandRobotiqGripperGoal.h, /home/huangyi/devspace/pybullet-test/devel/include/robotiq_2f_gripper_msgs/CommandRobotiqGripperGoal.h)
Linked: (/home/huangyi/devspace/pybullet-test/devel/.private/robotiq_2f_gripper_msgs/include/robotiq_2f_gripper_msgs/RobotiqGripperStatus.h, /home/huangyi/devspace/pybullet-test/devel/include/robotiq_2f_gripper_msgs/RobotiqGripperStatus.h)
Linked: (/home/huangyi/devspace/pybullet-test/devel/.private/robotiq_2f_gripper_msgs/include/robotiq_2f_gripper_msgs/CommandRobotiqGripperActionGoal.h, /home/huangyi/devspace/pybullet-test/devel/include/robotiq_2f_gripper_msgs/CommandRobotiqGripperActionGoal.h)
Linked: (/home/huangyi/devspace/pybullet-test/devel/.private/robotiq_2f_gripper_msgs/include/robotiq_2f_gripper_msgs/CommandRobotiqGripperActionResult.h, /home/huangyi/devspace/pybullet-test/devel/include/robotiq_2f_gripper_msgs/CommandRobotiqGripperActionResult.h)
Linked: (/home/huangyi/devspace/pybullet-test/devel/.private/robotiq_2f_gripper_msgs/include/robotiq_2f_gripper_msgs/CommandRobotiqGripperFeedback.h, /home/huangyi/devspace/pybullet-test/devel/include/robotiq_2f_gripper_msgs/CommandRobotiqGripperFeedback.h)
Linked: (/home/huangyi/devspace/pybullet-test/devel/.private/robotiq_2f_gripper_msgs/share/robotiq_2f_gripper_msgs/msg/CommandRobotiqGripperActionGoal.msg, /home/huangyi/devspace/pybullet-test/devel/share/robotiq_2f_gripper_msgs/msg/CommandRobotiqGripperActionGoal.msg)
Linked: (/home/huangyi/devspace/pybullet-test/devel/.private/robotiq_2f_gripper_msgs/share/robotiq_2f_gripper_msgs/msg/CommandRobotiqGripperActionFeedback.msg, /home/huangyi/devspace/pybullet-test/devel/share/robotiq_2f_gripper_msgs/msg/CommandRobotiqGripperActionFeedback.msg)
Linked: (/home/huangyi/devspace/pybullet-test/devel/.private/robotiq_2f_gripper_msgs/share/robotiq_2f_gripper_msgs/msg/CommandRobotiqGripperGoal.msg, /home/huangyi/devspace/pybullet-test/devel/share/robotiq_2f_gripper_msgs/msg/CommandRobotiqGripperGoal.msg)
Linked: (/home/huangyi/devspace/pybullet-test/devel/.private/robotiq_2f_gripper_msgs/share/robotiq_2f_gripper_msgs/msg/CommandRobotiqGripperResult.msg, /home/huangyi/devspace/pybullet-test/devel/share/robotiq_2f_gripper_msgs/msg/CommandRobotiqGripperResult.msg)
Linked: (/home/huangyi/devspace/pybullet-test/devel/.private/robotiq_2f_gripper_msgs/share/robotiq_2f_gripper_msgs/msg/CommandRobotiqGripperFeedback.msg, /home/huangyi/devspace/pybullet-test/devel/share/robotiq_2f_gripper_msgs/msg/CommandRobotiqGripperFeedback.msg)
Linked: (/home/huangyi/devspace/pybullet-test/devel/.private/robotiq_2f_gripper_msgs/share/robotiq_2f_gripper_msgs/msg/CommandRobotiqGripperAction.msg, /home/huangyi/devspace/pybullet-test/devel/share/robotiq_2f_gripper_msgs/msg/CommandRobotiqGripperAction.msg)
Linked: (/home/huangyi/devspace/pybullet-test/devel/.private/robotiq_2f_gripper_msgs/share/robotiq_2f_gripper_msgs/msg/CommandRobotiqGripperActionResult.msg, /home/huangyi/devspace/pybullet-test/devel/share/robotiq_2f_gripper_msgs/msg/CommandRobotiqGripperActionResult.msg)
Linked: (/home/huangyi/devspace/pybullet-test/devel/.private/robotiq_2f_gripper_msgs/share/robotiq_2f_gripper_msgs/cmake/robotiq_2f_gripper_msgs-msg-extras.cmake, /home/huangyi/devspace/pybullet-test/devel/share/robotiq_2f_gripper_msgs/cmake/robotiq_2f_gripper_msgs-msg-extras.cmake)
Linked: (/home/huangyi/devspace/pybullet-test/devel/.private/robotiq_2f_gripper_msgs/share/robotiq_2f_gripper_msgs/cmake/robotiq_2f_gripper_msgs-msg-paths.cmake, /home/huangyi/devspace/pybullet-test/devel/share/robotiq_2f_gripper_msgs/cmake/robotiq_2f_gripper_msgs-msg-paths.cmake)
Linked: (/home/huangyi/devspace/pybullet-test/devel/.private/robotiq_2f_gripper_msgs/share/robotiq_2f_gripper_msgs/cmake/robotiq_2f_gripper_msgsConfig.cmake, /home/huangyi/devspace/pybullet-test/devel/share/robotiq_2f_gripper_msgs/cmake/robotiq_2f_gripper_msgsConfig.cmake)
Linked: (/home/huangyi/devspace/pybullet-test/devel/.private/robotiq_2f_gripper_msgs/share/robotiq_2f_gripper_msgs/cmake/robotiq_2f_gripper_msgsConfig-version.cmake, /home/huangyi/devspace/pybullet-test/devel/share/robotiq_2f_gripper_msgs/cmake/robotiq_2f_gripper_msgsConfig-version.cmake)
Linked: (/home/huangyi/devspace/pybullet-test/devel/.private/robotiq_2f_gripper_msgs/share/gennodejs/ros/robotiq_2f_gripper_msgs/_index.js, /home/huangyi/devspace/pybullet-test/devel/share/gennodejs/ros/robotiq_2f_gripper_msgs/_index.js)
Linked: (/home/huangyi/devspace/pybullet-test/devel/.private/robotiq_2f_gripper_msgs/share/gennodejs/ros/robotiq_2f_gripper_msgs/msg/CommandRobotiqGripperActionGoal.js, /home/huangyi/devspace/pybullet-test/devel/share/gennodejs/ros/robotiq_2f_gripper_msgs/msg/CommandRobotiqGripperActionGoal.js)
Linked: (/home/huangyi/devspace/pybullet-test/devel/.private/robotiq_2f_gripper_msgs/share/gennodejs/ros/robotiq_2f_gripper_msgs/msg/CommandRobotiqGripperFeedback.js, /home/huangyi/devspace/pybullet-test/devel/share/gennodejs/ros/robotiq_2f_gripper_msgs/msg/CommandRobotiqGripperFeedback.js)
Linked: (/home/huangyi/devspace/pybullet-test/devel/.private/robotiq_2f_gripper_msgs/share/gennodejs/ros/robotiq_2f_gripper_msgs/msg/CommandRobotiqGripperResult.js, /home/huangyi/devspace/pybullet-test/devel/share/gennodejs/ros/robotiq_2f_gripper_msgs/msg/CommandRobotiqGripperResult.js)
Linked: (/home/huangyi/devspace/pybullet-test/devel/.private/robotiq_2f_gripper_msgs/share/gennodejs/ros/robotiq_2f_gripper_msgs/msg/_index.js, /home/huangyi/devspace/pybullet-test/devel/share/gennodejs/ros/robotiq_2f_gripper_msgs/msg/_index.js)
Linked: (/home/huangyi/devspace/pybullet-test/devel/.private/robotiq_2f_gripper_msgs/share/gennodejs/ros/robotiq_2f_gripper_msgs/msg/RobotiqGripperCommand.js, /home/huangyi/devspace/pybullet-test/devel/share/gennodejs/ros/robotiq_2f_gripper_msgs/msg/RobotiqGripperCommand.js)
Linked: (/home/huangyi/devspace/pybullet-test/devel/.private/robotiq_2f_gripper_msgs/share/gennodejs/ros/robotiq_2f_gripper_msgs/msg/CommandRobotiqGripperActionResult.js, /home/huangyi/devspace/pybullet-test/devel/share/gennodejs/ros/robotiq_2f_gripper_msgs/msg/CommandRobotiqGripperActionResult.js)
Linked: (/home/huangyi/devspace/pybullet-test/devel/.private/robotiq_2f_gripper_msgs/share/gennodejs/ros/robotiq_2f_gripper_msgs/msg/CommandRobotiqGripperActionFeedback.js, /home/huangyi/devspace/pybullet-test/devel/share/gennodejs/ros/robotiq_2f_gripper_msgs/msg/CommandRobotiqGripperActionFeedback.js)
Linked: (/home/huangyi/devspace/pybullet-test/devel/.private/robotiq_2f_gripper_msgs/share/gennodejs/ros/robotiq_2f_gripper_msgs/msg/CommandRobotiqGripperGoal.js, /home/huangyi/devspace/pybullet-test/devel/share/gennodejs/ros/robotiq_2f_gripper_msgs/msg/CommandRobotiqGripperGoal.js)
Linked: (/home/huangyi/devspace/pybullet-test/devel/.private/robotiq_2f_gripper_msgs/share/gennodejs/ros/robotiq_2f_gripper_msgs/msg/RobotiqGripperStatus.js, /home/huangyi/devspace/pybullet-test/devel/share/gennodejs/ros/robotiq_2f_gripper_msgs/msg/RobotiqGripperStatus.js)
Linked: (/home/huangyi/devspace/pybullet-test/devel/.private/robotiq_2f_gripper_msgs/share/gennodejs/ros/robotiq_2f_gripper_msgs/msg/CommandRobotiqGripperAction.js, /home/huangyi/devspace/pybullet-test/devel/share/gennodejs/ros/robotiq_2f_gripper_msgs/msg/CommandRobotiqGripperAction.js)
Linked: (/home/huangyi/devspace/pybullet-test/devel/.private/robotiq_2f_gripper_msgs/share/common-lisp/ros/robotiq_2f_gripper_msgs/msg/_package_CommandRobotiqGripperActionGoal.lisp, /home/huangyi/devspace/pybullet-test/devel/share/common-lisp/ros/robotiq_2f_gripper_msgs/msg/_package_CommandRobotiqGripperActionGoal.lisp)
Linked: (/home/huangyi/devspace/pybullet-test/devel/.private/robotiq_2f_gripper_msgs/share/common-lisp/ros/robotiq_2f_gripper_msgs/msg/CommandRobotiqGripperActionGoal.lisp, /home/huangyi/devspace/pybullet-test/devel/share/common-lisp/ros/robotiq_2f_gripper_msgs/msg/CommandRobotiqGripperActionGoal.lisp)
Linked: (/home/huangyi/devspace/pybullet-test/devel/.private/robotiq_2f_gripper_msgs/share/common-lisp/ros/robotiq_2f_gripper_msgs/msg/CommandRobotiqGripperFeedback.lisp, /home/huangyi/devspace/pybullet-test/devel/share/common-lisp/ros/robotiq_2f_gripper_msgs/msg/CommandRobotiqGripperFeedback.lisp)
Linked: (/home/huangyi/devspace/pybullet-test/devel/.private/robotiq_2f_gripper_msgs/share/common-lisp/ros/robotiq_2f_gripper_msgs/msg/RobotiqGripperStatus.lisp, /home/huangyi/devspace/pybullet-test/devel/share/common-lisp/ros/robotiq_2f_gripper_msgs/msg/RobotiqGripperStatus.lisp)
Linked: (/home/huangyi/devspace/pybullet-test/devel/.private/robotiq_2f_gripper_msgs/share/common-lisp/ros/robotiq_2f_gripper_msgs/msg/_package_RobotiqGripperStatus.lisp, /home/huangyi/devspace/pybullet-test/devel/share/common-lisp/ros/robotiq_2f_gripper_msgs/msg/_package_RobotiqGripperStatus.lisp)
Linked: (/home/huangyi/devspace/pybullet-test/devel/.private/robotiq_2f_gripper_msgs/share/common-lisp/ros/robotiq_2f_gripper_msgs/msg/RobotiqGripperCommand.lisp, /home/huangyi/devspace/pybullet-test/devel/share/common-lisp/ros/robotiq_2f_gripper_msgs/msg/RobotiqGripperCommand.lisp)
Linked: (/home/huangyi/devspace/pybullet-test/devel/.private/robotiq_2f_gripper_msgs/share/common-lisp/ros/robotiq_2f_gripper_msgs/msg/_package_CommandRobotiqGripperActionResult.lisp, /home/huangyi/devspace/pybullet-test/devel/share/common-lisp/ros/robotiq_2f_gripper_msgs/msg/_package_CommandRobotiqGripperActionResult.lisp)
Linked: (/home/huangyi/devspace/pybullet-test/devel/.private/robotiq_2f_gripper_msgs/share/common-lisp/ros/robotiq_2f_gripper_msgs/msg/_package_CommandRobotiqGripperFeedback.lisp, /home/huangyi/devspace/pybullet-test/devel/share/common-lisp/ros/robotiq_2f_gripper_msgs/msg/_package_CommandRobotiqGripperFeedback.lisp)
Linked: (/home/huangyi/devspace/pybullet-test/devel/.private/robotiq_2f_gripper_msgs/share/common-lisp/ros/robotiq_2f_gripper_msgs/msg/_package.lisp, /home/huangyi/devspace/pybullet-test/devel/share/common-lisp/ros/robotiq_2f_gripper_msgs/msg/_package.lisp)
Linked: (/home/huangyi/devspace/pybullet-test/devel/.private/robotiq_2f_gripper_msgs/share/common-lisp/ros/robotiq_2f_gripper_msgs/msg/_package_CommandRobotiqGripperGoal.lisp, /home/huangyi/devspace/pybullet-test/devel/share/common-lisp/ros/robotiq_2f_gripper_msgs/msg/_package_CommandRobotiqGripperGoal.lisp)
Linked: (/home/huangyi/devspace/pybullet-test/devel/.private/robotiq_2f_gripper_msgs/share/common-lisp/ros/robotiq_2f_gripper_msgs/msg/_package_RobotiqGripperCommand.lisp, /home/huangyi/devspace/pybullet-test/devel/share/common-lisp/ros/robotiq_2f_gripper_msgs/msg/_package_RobotiqGripperCommand.lisp)
Linked: (/home/huangyi/devspace/pybullet-test/devel/.private/robotiq_2f_gripper_msgs/share/common-lisp/ros/robotiq_2f_gripper_msgs/msg/CommandRobotiqGripperActionResult.lisp, /home/huangyi/devspace/pybullet-test/devel/share/common-lisp/ros/robotiq_2f_gripper_msgs/msg/CommandRobotiqGripperActionResult.lisp)
Linked: (/home/huangyi/devspace/pybullet-test/devel/.private/robotiq_2f_gripper_msgs/share/common-lisp/ros/robotiq_2f_gripper_msgs/msg/CommandRobotiqGripperResult.lisp, /home/huangyi/devspace/pybullet-test/devel/share/common-lisp/ros/robotiq_2f_gripper_msgs/msg/CommandRobotiqGripperResult.lisp)
Linked: (/home/huangyi/devspace/pybullet-test/devel/.private/robotiq_2f_gripper_msgs/share/common-lisp/ros/robotiq_2f_gripper_msgs/msg/_package_CommandRobotiqGripperAction.lisp, /home/huangyi/devspace/pybullet-test/devel/share/common-lisp/ros/robotiq_2f_gripper_msgs/msg/_package_CommandRobotiqGripperAction.lisp)
Linked: (/home/huangyi/devspace/pybullet-test/devel/.private/robotiq_2f_gripper_msgs/share/common-lisp/ros/robotiq_2f_gripper_msgs/msg/CommandRobotiqGripperAction.lisp, /home/huangyi/devspace/pybullet-test/devel/share/common-lisp/ros/robotiq_2f_gripper_msgs/msg/CommandRobotiqGripperAction.lisp)
Linked: (/home/huangyi/devspace/pybullet-test/devel/.private/robotiq_2f_gripper_msgs/share/common-lisp/ros/robotiq_2f_gripper_msgs/msg/_package_CommandRobotiqGripperActionFeedback.lisp, /home/huangyi/devspace/pybullet-test/devel/share/common-lisp/ros/robotiq_2f_gripper_msgs/msg/_package_CommandRobotiqGripperActionFeedback.lisp)
Linked: (/home/huangyi/devspace/pybullet-test/devel/.private/robotiq_2f_gripper_msgs/share/common-lisp/ros/robotiq_2f_gripper_msgs/msg/_package_CommandRobotiqGripperResult.lisp, /home/huangyi/devspace/pybullet-test/devel/share/common-lisp/ros/robotiq_2f_gripper_msgs/msg/_package_CommandRobotiqGripperResult.lisp)
Linked: (/home/huangyi/devspace/pybullet-test/devel/.private/robotiq_2f_gripper_msgs/share/common-lisp/ros/robotiq_2f_gripper_msgs/msg/robotiq_2f_gripper_msgs-msg.asd, /home/huangyi/devspace/pybullet-test/devel/share/common-lisp/ros/robotiq_2f_gripper_msgs/msg/robotiq_2f_gripper_msgs-msg.asd)
Linked: (/home/huangyi/devspace/pybullet-test/devel/.private/robotiq_2f_gripper_msgs/share/common-lisp/ros/robotiq_2f_gripper_msgs/msg/CommandRobotiqGripperActionFeedback.lisp, /home/huangyi/devspace/pybullet-test/devel/share/common-lisp/ros/robotiq_2f_gripper_msgs/msg/CommandRobotiqGripperActionFeedback.lisp)
Linked: (/home/huangyi/devspace/pybullet-test/devel/.private/robotiq_2f_gripper_msgs/share/common-lisp/ros/robotiq_2f_gripper_msgs/msg/CommandRobotiqGripperGoal.lisp, /home/huangyi/devspace/pybullet-test/devel/share/common-lisp/ros/robotiq_2f_gripper_msgs/msg/CommandRobotiqGripperGoal.lisp)
Linked: (/home/huangyi/devspace/pybullet-test/devel/.private/robotiq_2f_gripper_msgs/share/roseus/ros/robotiq_2f_gripper_msgs/manifest.l, /home/huangyi/devspace/pybullet-test/devel/share/roseus/ros/robotiq_2f_gripper_msgs/manifest.l)
Linked: (/home/huangyi/devspace/pybullet-test/devel/.private/robotiq_2f_gripper_msgs/share/roseus/ros/robotiq_2f_gripper_msgs/msg/CommandRobotiqGripperAction.l, /home/huangyi/devspace/pybullet-test/devel/share/roseus/ros/robotiq_2f_gripper_msgs/msg/CommandRobotiqGripperAction.l)
Linked: (/home/huangyi/devspace/pybullet-test/devel/.private/robotiq_2f_gripper_msgs/share/roseus/ros/robotiq_2f_gripper_msgs/msg/RobotiqGripperCommand.l, /home/huangyi/devspace/pybullet-test/devel/share/roseus/ros/robotiq_2f_gripper_msgs/msg/RobotiqGripperCommand.l)
Linked: (/home/huangyi/devspace/pybullet-test/devel/.private/robotiq_2f_gripper_msgs/share/roseus/ros/robotiq_2f_gripper_msgs/msg/CommandRobotiqGripperActionFeedback.l, /home/huangyi/devspace/pybullet-test/devel/share/roseus/ros/robotiq_2f_gripper_msgs/msg/CommandRobotiqGripperActionFeedback.l)
Linked: (/home/huangyi/devspace/pybullet-test/devel/.private/robotiq_2f_gripper_msgs/share/roseus/ros/robotiq_2f_gripper_msgs/msg/CommandRobotiqGripperResult.l, /home/huangyi/devspace/pybullet-test/devel/share/roseus/ros/robotiq_2f_gripper_msgs/msg/CommandRobotiqGripperResult.l)
Linked: (/home/huangyi/devspace/pybullet-test/devel/.private/robotiq_2f_gripper_msgs/share/roseus/ros/robotiq_2f_gripper_msgs/msg/CommandRobotiqGripperActionResult.l, /home/huangyi/devspace/pybullet-test/devel/share/roseus/ros/robotiq_2f_gripper_msgs/msg/CommandRobotiqGripperActionResult.l)
Linked: (/home/huangyi/devspace/pybullet-test/devel/.private/robotiq_2f_gripper_msgs/share/roseus/ros/robotiq_2f_gripper_msgs/msg/CommandRobotiqGripperFeedback.l, /home/huangyi/devspace/pybullet-test/devel/share/roseus/ros/robotiq_2f_gripper_msgs/msg/CommandRobotiqGripperFeedback.l)
Linked: (/home/huangyi/devspace/pybullet-test/devel/.private/robotiq_2f_gripper_msgs/share/roseus/ros/robotiq_2f_gripper_msgs/msg/RobotiqGripperStatus.l, /home/huangyi/devspace/pybullet-test/devel/share/roseus/ros/robotiq_2f_gripper_msgs/msg/RobotiqGripperStatus.l)
Linked: (/home/huangyi/devspace/pybullet-test/devel/.private/robotiq_2f_gripper_msgs/share/roseus/ros/robotiq_2f_gripper_msgs/msg/CommandRobotiqGripperActionGoal.l, /home/huangyi/devspace/pybullet-test/devel/share/roseus/ros/robotiq_2f_gripper_msgs/msg/CommandRobotiqGripperActionGoal.l)
Linked: (/home/huangyi/devspace/pybullet-test/devel/.private/robotiq_2f_gripper_msgs/share/roseus/ros/robotiq_2f_gripper_msgs/msg/CommandRobotiqGripperGoal.l, /home/huangyi/devspace/pybullet-test/devel/share/roseus/ros/robotiq_2f_gripper_msgs/msg/CommandRobotiqGripperGoal.l)
Linked: (/home/huangyi/devspace/pybullet-test/devel/.private/robotiq_2f_gripper_msgs/lib/python3/dist-packages/robotiq_2f_gripper_msgs/__init__.py, /home/huangyi/devspace/pybullet-test/devel/lib/python3/dist-packages/robotiq_2f_gripper_msgs/__init__.py)
Linked: (/home/huangyi/devspace/pybullet-test/devel/.private/robotiq_2f_gripper_msgs/lib/python3/dist-packages/robotiq_2f_gripper_msgs/msg/_CommandRobotiqGripperActionGoal.py, /home/huangyi/devspace/pybullet-test/devel/lib/python3/dist-packages/robotiq_2f_gripper_msgs/msg/_CommandRobotiqGripperActionGoal.py)
Linked: (/home/huangyi/devspace/pybullet-test/devel/.private/robotiq_2f_gripper_msgs/lib/python3/dist-packages/robotiq_2f_gripper_msgs/msg/_CommandRobotiqGripperResult.py, /home/huangyi/devspace/pybullet-test/devel/lib/python3/dist-packages/robotiq_2f_gripper_msgs/msg/_CommandRobotiqGripperResult.py)
Linked: (/home/huangyi/devspace/pybullet-test/devel/.private/robotiq_2f_gripper_msgs/lib/python3/dist-packages/robotiq_2f_gripper_msgs/msg/_CommandRobotiqGripperActionResult.py, /home/huangyi/devspace/pybullet-test/devel/lib/python3/dist-packages/robotiq_2f_gripper_msgs/msg/_CommandRobotiqGripperActionResult.py)
Linked: (/home/huangyi/devspace/pybullet-test/devel/.private/robotiq_2f_gripper_msgs/lib/python3/dist-packages/robotiq_2f_gripper_msgs/msg/_RobotiqGripperStatus.py, /home/huangyi/devspace/pybullet-test/devel/lib/python3/dist-packages/robotiq_2f_gripper_msgs/msg/_RobotiqGripperStatus.py)
Linked: (/home/huangyi/devspace/pybullet-test/devel/.private/robotiq_2f_gripper_msgs/lib/python3/dist-packages/robotiq_2f_gripper_msgs/msg/_CommandRobotiqGripperAction.py, /home/huangyi/devspace/pybullet-test/devel/lib/python3/dist-packages/robotiq_2f_gripper_msgs/msg/_CommandRobotiqGripperAction.py)
Linked: (/home/huangyi/devspace/pybullet-test/devel/.private/robotiq_2f_gripper_msgs/lib/python3/dist-packages/robotiq_2f_gripper_msgs/msg/_RobotiqGripperCommand.py, /home/huangyi/devspace/pybullet-test/devel/lib/python3/dist-packages/robotiq_2f_gripper_msgs/msg/_RobotiqGripperCommand.py)
Linked: (/home/huangyi/devspace/pybullet-test/devel/.private/robotiq_2f_gripper_msgs/lib/python3/dist-packages/robotiq_2f_gripper_msgs/msg/__init__.py, /home/huangyi/devspace/pybullet-test/devel/lib/python3/dist-packages/robotiq_2f_gripper_msgs/msg/__init__.py)
Linked: (/home/huangyi/devspace/pybullet-test/devel/.private/robotiq_2f_gripper_msgs/lib/python3/dist-packages/robotiq_2f_gripper_msgs/msg/_CommandRobotiqGripperGoal.py, /home/huangyi/devspace/pybullet-test/devel/lib/python3/dist-packages/robotiq_2f_gripper_msgs/msg/_CommandRobotiqGripperGoal.py)
Linked: (/home/huangyi/devspace/pybullet-test/devel/.private/robotiq_2f_gripper_msgs/lib/python3/dist-packages/robotiq_2f_gripper_msgs/msg/_CommandRobotiqGripperFeedback.py, /home/huangyi/devspace/pybullet-test/devel/lib/python3/dist-packages/robotiq_2f_gripper_msgs/msg/_CommandRobotiqGripperFeedback.py)
Linked: (/home/huangyi/devspace/pybullet-test/devel/.private/robotiq_2f_gripper_msgs/lib/python3/dist-packages/robotiq_2f_gripper_msgs/msg/_CommandRobotiqGripperActionFeedback.py, /home/huangyi/devspace/pybullet-test/devel/lib/python3/dist-packages/robotiq_2f_gripper_msgs/msg/_CommandRobotiqGripperActionFeedback.py)
Linked: (/home/huangyi/devspace/pybullet-test/devel/.private/robotiq_2f_gripper_msgs/lib/pkgconfig/robotiq_2f_gripper_msgs.pc, /home/huangyi/devspace/pybullet-test/devel/lib/pkgconfig/robotiq_2f_gripper_msgs.pc)
