[  0%] Built target actionlib_msgs_generate_messages_py
[  0%] Built target std_msgs_generate_messages_py
[  0%] Built target _robotiq_2f_gripper_msgs_generate_messages_check_deps_CommandRobotiqGripperFeedback
[  0%] Built target _robotiq_2f_gripper_msgs_generate_messages_check_deps_RobotiqGripperCommand
[  0%] Built target _robotiq_2f_gripper_msgs_generate_messages_check_deps_RobotiqGripperStatus
[  0%] Built target _robotiq_2f_gripper_msgs_generate_messages_check_deps_CommandRobotiqGripperAction
[  0%] Built target _robotiq_2f_gripper_msgs_generate_messages_check_deps_CommandRobotiqGripperActionGoal
[  0%] Built target _robotiq_2f_gripper_msgs_generate_messages_check_deps_CommandRobotiqGripperActionResult
[  0%] Built target _robotiq_2f_gripper_msgs_generate_messages_check_deps_CommandRobotiqGripperGoal
[  0%] Built target _robotiq_2f_gripper_msgs_generate_messages_check_deps_CommandRobotiqGripperActionFeedback
[  0%] Built target actionlib_msgs_generate_messages_cpp
[  0%] Built target std_msgs_generate_messages_cpp
[  0%] Built target actionlib_msgs_generate_messages_eus
[  0%] Built target std_msgs_generate_messages_eus
[  0%] Built target _robotiq_2f_gripper_msgs_generate_messages_check_deps_CommandRobotiqGripperResult
[  0%] Built target actionlib_msgs_generate_messages_lisp
[  0%] Built target std_msgs_generate_messages_lisp
[  0%] Built target actionlib_msgs_generate_messages_nodejs
[  0%] Built target std_msgs_generate_messages_nodejs
[ 21%] Built target robotiq_2f_gripper_msgs_generate_messages_py
[ 40%] Built target robotiq_2f_gripper_msgs_generate_messages_cpp
[ 61%] Built target robotiq_2f_gripper_msgs_generate_messages_eus
[ 80%] Built target robotiq_2f_gripper_msgs_generate_messages_lisp
[100%] Built target robotiq_2f_gripper_msgs_generate_messages_nodejs
[100%] Built target robotiq_2f_gripper_msgs_generate_messages
