[  0%] Built target std_msgs_generate_messages_py
[  0%] Built target roscpp_generate_messages_cpp
[  0%] Built target roscpp_generate_messages_eus
[  0%] Built target roscpp_generate_messages_lisp
[  0%] Built target roscpp_generate_messages_nodejs
[  0%] Built target roscpp_generate_messages_py
[  0%] Built target rosgraph_msgs_generate_messages_cpp
[  0%] Built target rosgraph_msgs_generate_messages_eus
[  0%] Built target rosgraph_msgs_generate_messages_lisp
[  0%] Built target rosgraph_msgs_generate_messages_nodejs
[  0%] Built target rosgraph_msgs_generate_messages_py
[  0%] Built target std_msgs_generate_messages_cpp
[  0%] Built target std_msgs_generate_messages_eus
[  0%] Built target std_msgs_generate_messages_lisp
[  0%] Built target std_msgs_generate_messages_nodejs
[ 25%] [32mBuilding CXX object CMakeFiles/calibration_correction.dir/src/calibration.cpp.o[0m
[ 50%] [32mBuilding CXX object CMakeFiles/calibration_correction.dir/src/calibration_consumer.cpp.o[0m
[ 75%] [32mBuilding CXX object CMakeFiles/calibration_correction.dir/src/calibration_correction.cpp.o[0m
[100%] [32m[1mLinking CXX executable /home/huangyi/devspace/pybullet-test/devel/.private/ur_calibration/lib/ur_calibration/calibration_correction[0m
[100%] Built target calibration_correction
