[  0%] Built target actionlib_generate_messages_lisp
[  0%] Built target actionlib_generate_messages_nodejs
[  0%] Built target ur_msgs_generate_messages_py
[  0%] Built target actionlib_msgs_generate_messages_lisp
[  0%] Built target actionlib_msgs_generate_messages_eus
[  0%] Built target actionlib_msgs_generate_messages_nodejs
[  0%] Built target actionlib_msgs_generate_messages_cpp
[  0%] Built target actionlib_msgs_generate_messages_py
[  0%] Built target actionlib_generate_messages_py
[  0%] Built target std_msgs_generate_messages_cpp
[  0%] Built target std_msgs_generate_messages_eus
[  0%] Built target std_msgs_generate_messages_lisp
[  0%] Built target roscpp_generate_messages_nodejs
[  0%] Built target roscpp_generate_messages_py
[  0%] Built target rosgraph_msgs_generate_messages_cpp
[  0%] Built target rosgraph_msgs_generate_messages_eus
[  0%] Built target rosgraph_msgs_generate_messages_nodejs
[  0%] Built target rosgraph_msgs_generate_messages_lisp
[  0%] Built target rosgraph_msgs_generate_messages_py
[  0%] Built target control_msgs_generate_messages_cpp
[  0%] Built target actionlib_generate_messages_cpp
[  0%] Built target control_msgs_generate_messages_eus
[  0%] Built target actionlib_generate_messages_eus
[  0%] Built target std_msgs_generate_messages_nodejs
[  0%] Built target std_msgs_generate_messages_py
[  0%] Built target roscpp_generate_messages_eus
[  0%] Built target roscpp_generate_messages_cpp
[  0%] Built target roscpp_generate_messages_lisp
[  0%] Built target control_msgs_generate_messages_lisp
[  0%] Built target _catkin_empty_exported_target
[  0%] Built target geometry_msgs_generate_messages_cpp
[  0%] Built target control_msgs_generate_messages_nodejs
[  0%] Built target geometry_msgs_generate_messages_lisp
[  0%] Built target control_msgs_generate_messages_py
[  0%] Built target geometry_msgs_generate_messages_eus
[  0%] Built target geometry_msgs_generate_messages_nodejs
[  0%] Built target geometry_msgs_generate_messages_py
[  0%] Built target trajectory_msgs_generate_messages_cpp
[  0%] Built target trajectory_msgs_generate_messages_eus
[  0%] Built target trajectory_msgs_generate_messages_lisp
[  0%] Built target trajectory_msgs_generate_messages_py
[  0%] Built target controller_manager_msgs_generate_messages_cpp
[  0%] Built target trajectory_msgs_generate_messages_nodejs
[  0%] Built target controller_manager_msgs_generate_messages_eus
[  0%] Built target controller_manager_msgs_generate_messages_py
[  0%] Built target controller_manager_msgs_generate_messages_nodejs
[  0%] Built target controller_manager_msgs_generate_messages_lisp
[  0%] Built target sensor_msgs_generate_messages_cpp
[  0%] Built target sensor_msgs_generate_messages_py
[  0%] Built target sensor_msgs_generate_messages_eus
[  0%] Built target sensor_msgs_generate_messages_lisp
[  0%] Built target sensor_msgs_generate_messages_nodejs
[  0%] Built target std_srvs_generate_messages_eus
[  0%] Built target std_srvs_generate_messages_lisp
[  0%] Built target std_srvs_generate_messages_nodejs
[  0%] Built target tf_generate_messages_cpp
[  0%] Built target std_srvs_generate_messages_py
[  0%] Built target tf_generate_messages_eus
[  0%] Built target std_srvs_generate_messages_cpp
[  0%] Built target tf_generate_messages_lisp
[  0%] Built target tf_generate_messages_nodejs
[  0%] Built target tf_generate_messages_py
[  0%] Built target tf2_msgs_generate_messages_cpp
[  0%] Built target tf2_msgs_generate_messages_nodejs
[  0%] Built target tf2_msgs_generate_messages_lisp
[  0%] Built target tf2_msgs_generate_messages_py
[  0%] Built target tf2_msgs_generate_messages_eus
[  0%] Built target control_toolbox_gencfg
[  0%] Built target control_toolbox_generate_messages_lisp
[  0%] Built target control_toolbox_generate_messages_cpp
[  0%] Built target control_toolbox_generate_messages_eus
[  0%] Built target control_toolbox_generate_messages_nodejs
[  0%] Built target dynamic_reconfigure_generate_messages_cpp
[  0%] Built target control_toolbox_generate_messages_py
[  0%] Built target dynamic_reconfigure_generate_messages_eus
[  0%] Built target dynamic_reconfigure_gencfg
[  0%] Built target dynamic_reconfigure_generate_messages_nodejs
[  0%] Built target dynamic_reconfigure_generate_messages_lisp
[  0%] Built target ur_dashboard_msgs_generate_messages_eus
[  0%] Built target dynamic_reconfigure_generate_messages_py
[  0%] Built target ur_dashboard_msgs_generate_messages_cpp
[  0%] Built target ur_dashboard_msgs_generate_messages_lisp
[  0%] Built target ur_dashboard_msgs_generate_messages_py
[  0%] Built target ur_dashboard_msgs_generate_messages_nodejs
[  0%] Built target ur_msgs_generate_messages_cpp
[  0%] Built target ur_msgs_generate_messages_lisp
[  0%] Built target ur_msgs_generate_messages_eus
[  0%] Built target ur_msgs_generate_messages_nodejs
[ 15%] [32mBuilding CXX object CMakeFiles/dashboard_client.dir/src/dashboard_client_node.cpp.o[0m
[ 15%] [32mBuilding CXX object CMakeFiles/robot_state_helper.dir/src/robot_state_helper.cpp.o[0m
[ 23%] [32mBuilding CXX object CMakeFiles/dashboard_client.dir/src/dashboard_client_ros.cpp.o[0m
[ 30%] [32mBuilding CXX object CMakeFiles/ur_robot_driver_node.dir/src/hardware_interface_node.cpp.o[0m
[ 61%] [32mBuilding CXX object CMakeFiles/ur_robot_driver_plugin.dir/src/hardware_interface.cpp.o[0m
[ 61%] [32mBuilding CXX object CMakeFiles/ur_robot_driver_plugin.dir/src/dashboard_client_ros.cpp.o[0m
[ 61%] [32mBuilding CXX object CMakeFiles/ur_robot_driver_node.dir/src/dashboard_client_ros.cpp.o[0m
[ 61%] [32mBuilding CXX object CMakeFiles/robot_state_helper.dir/src/robot_state_helper_node.cpp.o[0m
[ 69%] [32mBuilding CXX object CMakeFiles/ur_robot_driver_node.dir/src/hardware_interface.cpp.o[0m
[01m[K/home/huangyi/devspace/pybullet-test/src/ur5_robotiq_meta_package/Universal_Robots_ROS_Driver/ur_robot_driver/src/hardware_interface.cpp:[m[K In member function ‘[01m[Kbool ur_driver::HardwareInterface::setIO(ur_msgs::SetIORequest&, ur_msgs::SetIOResponse&)[m[K’:
[01m[K/home/huangyi/devspace/pybullet-test/src/ur5_robotiq_meta_package/Universal_Robots_ROS_Driver/ur_robot_driver/src/hardware_interface.cpp:871:5:[m[K [01;31m[Kerror: [m[K‘[01m[KLOG_ERROR[m[K’ was not declared in this scope; did you mean ‘[01m[KROS_ERROR[m[K’?
  871 |     [01;31m[KLOG_ERROR[m[K("Cannot execute function %u. This is not (yet) supported.", req.fun);
      |     [01;31m[K^~~~~~~~~[m[K
      |     [32m[KROS_ERROR[m[K
[01m[K/home/huangyi/devspace/pybullet-test/src/ur5_robotiq_meta_package/Universal_Robots_ROS_Driver/ur_robot_driver/src/hardware_interface.cpp:[m[K In member function ‘[01m[Kbool ur_driver::HardwareInterface::setIO(ur_msgs::SetIORequest&, ur_msgs::SetIOResponse&)[m[K’:
[01m[K/home/huangyi/devspace/pybullet-test/src/ur5_robotiq_meta_package/Universal_Robots_ROS_Driver/ur_robot_driver/src/hardware_interface.cpp:871:5:[m[K [01;31m[Kerror: [m[K‘[01m[KLOG_ERROR[m[K’ was not declared in this scope; did you mean ‘[01m[KROS_ERROR[m[K’?
  871 |     [01;31m[KLOG_ERROR[m[K("Cannot execute function %u. This is not (yet) supported.", req.fun);
      |     [01;31m[K^~~~~~~~~[m[K
      |     [32m[KROS_ERROR[m[K
make[2]: *** [CMakeFiles/ur_robot_driver_plugin.dir/build.make:90: CMakeFiles/ur_robot_driver_plugin.dir/src/hardware_interface.cpp.o] Error 1
make[2]: *** Waiting for unfinished jobs....
make[2]: *** [CMakeFiles/ur_robot_driver_node.dir/build.make:90: CMakeFiles/ur_robot_driver_node.dir/src/hardware_interface.cpp.o] Error 1
make[2]: *** Waiting for unfinished jobs....
[ 76%] [32m[1mLinking CXX executable /home/huangyi/devspace/pybullet-test/devel/.private/ur_robot_driver/lib/ur_robot_driver/robot_state_helper[0m
[ 76%] Built target robot_state_helper
[ 84%] [32m[1mLinking CXX executable /home/huangyi/devspace/pybullet-test/devel/.private/ur_robot_driver/lib/ur_robot_driver/dashboard_client[0m
[ 84%] Built target dashboard_client
make[1]: *** [CMakeFiles/Makefile2:2857: CMakeFiles/ur_robot_driver_node.dir/all] Error 2
make[1]: *** Waiting for unfinished jobs....
make[1]: *** [CMakeFiles/Makefile2:2744: CMakeFiles/ur_robot_driver_plugin.dir/all] Error 2
make: *** [Makefile:146: all] Error 2
