[  0%] Built target actionlib_generate_messages_lisp
[  0%] Built target ur_msgs_generate_messages_py
[  0%] Built target actionlib_msgs_generate_messages_lisp
[  0%] Built target actionlib_generate_messages_py
[  0%] Built target actionlib_msgs_generate_messages_cpp
[  0%] Built target actionlib_msgs_generate_messages_eus
[  0%] Built target actionlib_generate_messages_nodejs
[  0%] Built target actionlib_msgs_generate_messages_nodejs
[  0%] Built target actionlib_msgs_generate_messages_py
[  0%] Built target std_msgs_generate_messages_cpp
[  0%] Built target std_msgs_generate_messages_eus
[  0%] Built target std_msgs_generate_messages_lisp
[  0%] Built target roscpp_generate_messages_nodejs
[  0%] Built target roscpp_generate_messages_py
[  0%] Built target rosgraph_msgs_generate_messages_eus
[  0%] Built target rosgraph_msgs_generate_messages_lisp
[  0%] Built target rosgraph_msgs_generate_messages_nodejs
[  0%] Built target rosgraph_msgs_generate_messages_cpp
[  0%] Built target rosgraph_msgs_generate_messages_py
[  0%] Built target control_msgs_generate_messages_cpp
[  0%] Built target control_msgs_generate_messages_eus
[  0%] Built target actionlib_generate_messages_cpp
[  0%] Built target actionlib_generate_messages_eus
[  0%] Built target std_msgs_generate_messages_nodejs
[  0%] Built target std_msgs_generate_messages_py
[  0%] Built target _catkin_empty_exported_target
[  0%] Built target roscpp_generate_messages_cpp
[  0%] Built target control_msgs_generate_messages_nodejs
[  0%] Built target roscpp_generate_messages_lisp
[  0%] Built target roscpp_generate_messages_eus
[  0%] Built target control_msgs_generate_messages_py
[  0%] Built target control_msgs_generate_messages_lisp
[  0%] Built target geometry_msgs_generate_messages_cpp
[  0%] Built target geometry_msgs_generate_messages_eus
[  0%] Built target geometry_msgs_generate_messages_lisp
[  0%] Built target geometry_msgs_generate_messages_py
[  0%] Built target geometry_msgs_generate_messages_nodejs
[  0%] Built target trajectory_msgs_generate_messages_lisp
[  0%] Built target trajectory_msgs_generate_messages_eus
[  0%] Built target trajectory_msgs_generate_messages_cpp
[  0%] Built target trajectory_msgs_generate_messages_nodejs
[  0%] Built target trajectory_msgs_generate_messages_py
[  0%] Built target controller_manager_msgs_generate_messages_cpp
[  0%] Built target controller_manager_msgs_generate_messages_eus
[  0%] Built target controller_manager_msgs_generate_messages_lisp
[  0%] Built target controller_manager_msgs_generate_messages_nodejs
[  0%] Built target controller_manager_msgs_generate_messages_py
[  0%] Built target sensor_msgs_generate_messages_eus
[  0%] Built target sensor_msgs_generate_messages_cpp
[  0%] Built target sensor_msgs_generate_messages_nodejs
[  0%] Built target sensor_msgs_generate_messages_py
[  0%] Built target sensor_msgs_generate_messages_lisp
[  0%] Built target std_srvs_generate_messages_eus
[  0%] Built target std_srvs_generate_messages_lisp
[  0%] Built target std_srvs_generate_messages_cpp
[  0%] Built target std_srvs_generate_messages_nodejs
[  0%] Built target std_srvs_generate_messages_py
[  0%] Built target tf_generate_messages_cpp
[  0%] Built target tf_generate_messages_eus
[  0%] Built target tf_generate_messages_lisp
[  0%] Built target tf_generate_messages_nodejs
[  0%] Built target tf_generate_messages_py
[  0%] Built target tf2_msgs_generate_messages_eus
[  0%] Built target tf2_msgs_generate_messages_lisp
[  0%] Built target tf2_msgs_generate_messages_cpp
[  0%] Built target tf2_msgs_generate_messages_nodejs
[  0%] Built target control_toolbox_gencfg
[  0%] Built target tf2_msgs_generate_messages_py
[  0%] Built target control_toolbox_generate_messages_eus
[  0%] Built target control_toolbox_generate_messages_lisp
[  0%] Built target control_toolbox_generate_messages_cpp
[  0%] Built target control_toolbox_generate_messages_nodejs
[  0%] Built target control_toolbox_generate_messages_py
[  0%] Built target dynamic_reconfigure_generate_messages_cpp
[  0%] Built target dynamic_reconfigure_generate_messages_eus
[  0%] Built target dynamic_reconfigure_generate_messages_lisp
[  0%] Built target dynamic_reconfigure_generate_messages_nodejs
[  0%] Built target dynamic_reconfigure_generate_messages_py
[  0%] Built target ur_dashboard_msgs_generate_messages_cpp
[  0%] Built target ur_dashboard_msgs_generate_messages_eus
[  0%] Built target ur_dashboard_msgs_generate_messages_lisp
[  0%] Built target dynamic_reconfigure_gencfg
[  0%] Built target ur_dashboard_msgs_generate_messages_py
[  0%] Built target ur_dashboard_msgs_generate_messages_nodejs
[  0%] Built target ur_msgs_generate_messages_cpp
[  0%] Built target ur_msgs_generate_messages_lisp
[  0%] Built target ur_msgs_generate_messages_eus
[  0%] Built target ur_msgs_generate_messages_nodejs
[ 23%] Built target robot_state_helper
[ 30%] [32mBuilding CXX object CMakeFiles/ur_robot_driver_plugin.dir/src/hardware_interface.cpp.o[0m
[ 53%] Built target dashboard_client
[ 61%] [32mBuilding CXX object CMakeFiles/ur_robot_driver_node.dir/src/hardware_interface.cpp.o[0m
[01m[K/home/huangyi/devspace/pybullet-test/src/ur5_robotiq_meta_package/Universal_Robots_ROS_Driver/ur_robot_driver/src/hardware_interface.cpp:[m[K In member function ‘[01m[Kvoid ur_driver::HardwareInterface::extractToolPose(const ros::Time&)[m[K’:
[01m[K/home/huangyi/devspace/pybullet-test/src/ur5_robotiq_meta_package/Universal_Robots_ROS_Driver/ur_robot_driver/src/hardware_interface.cpp:702:58:[m[K [01;35m[Kwarning: [m[K‘[01m[Krotation.tf2::QuadWord::m_floats[3][m[K’ may be used uninitialized in this function [[01;35m[K-Wmaybe-uninitialized[m[K]
  702 |   tcp_transform_.transform.rotation = tf2::toMsg(rotation[01;35m[K)[m[K;
      |                                                          [01;35m[K^[m[K
[01m[K/home/huangyi/devspace/pybullet-test/src/ur5_robotiq_meta_package/Universal_Robots_ROS_Driver/ur_robot_driver/src/hardware_interface.cpp:692:19:[m[K [01;35m[Kwarning: [m[K‘[01m[Krotation.tf2::QuadWord::m_floats[2][m[K’ may be used uninitialized in this function [[01;35m[K-Wmaybe-uninitialized[m[K]
  692 |   tf2::Quaternion [01;35m[Krotation[m[K;
      |                   [01;35m[K^~~~~~~~[m[K
[01m[K/home/huangyi/devspace/pybullet-test/src/ur5_robotiq_meta_package/Universal_Robots_ROS_Driver/ur_robot_driver/src/hardware_interface.cpp:692:19:[m[K [01;35m[Kwarning: [m[K‘[01m[Krotation.tf2::QuadWord::m_floats[1][m[K’ may be used uninitialized in this function [[01;35m[K-Wmaybe-uninitialized[m[K]
[01m[K/home/huangyi/devspace/pybullet-test/src/ur5_robotiq_meta_package/Universal_Robots_ROS_Driver/ur_robot_driver/src/hardware_interface.cpp:702:58:[m[K [01;35m[Kwarning: [m[K‘[01m[Krotation.tf2::QuadWord::m_floats[0][m[K’ may be used uninitialized in this function [[01;35m[K-Wmaybe-uninitialized[m[K]
  702 |   tcp_transform_.transform.rotation = tf2::toMsg(rotation[01;35m[K)[m[K;
      |                                                          [01;35m[K^[m[K
[01m[K/home/huangyi/devspace/pybullet-test/src/ur5_robotiq_meta_package/Universal_Robots_ROS_Driver/ur_robot_driver/src/hardware_interface.cpp:[m[K In member function ‘[01m[Kvoid ur_driver::HardwareInterface::extractToolPose(const ros::Time&)[m[K’:
[01m[K/home/huangyi/devspace/pybullet-test/src/ur5_robotiq_meta_package/Universal_Robots_ROS_Driver/ur_robot_driver/src/hardware_interface.cpp:702:58:[m[K [01;35m[Kwarning: [m[K‘[01m[Krotation.tf2::QuadWord::m_floats[3][m[K’ may be used uninitialized in this function [[01;35m[K-Wmaybe-uninitialized[m[K]
  702 |   tcp_transform_.transform.rotation = tf2::toMsg(rotation[01;35m[K)[m[K;
      |                                                          [01;35m[K^[m[K
[01m[K/home/huangyi/devspace/pybullet-test/src/ur5_robotiq_meta_package/Universal_Robots_ROS_Driver/ur_robot_driver/src/hardware_interface.cpp:692:19:[m[K [01;35m[Kwarning: [m[K‘[01m[Krotation.tf2::QuadWord::m_floats[2][m[K’ may be used uninitialized in this function [[01;35m[K-Wmaybe-uninitialized[m[K]
  692 |   tf2::Quaternion [01;35m[Krotation[m[K;
      |                   [01;35m[K^~~~~~~~[m[K
[01m[K/home/huangyi/devspace/pybullet-test/src/ur5_robotiq_meta_package/Universal_Robots_ROS_Driver/ur_robot_driver/src/hardware_interface.cpp:692:19:[m[K [01;35m[Kwarning: [m[K‘[01m[Krotation.tf2::QuadWord::m_floats[1][m[K’ may be used uninitialized in this function [[01;35m[K-Wmaybe-uninitialized[m[K]
[01m[K/home/huangyi/devspace/pybullet-test/src/ur5_robotiq_meta_package/Universal_Robots_ROS_Driver/ur_robot_driver/src/hardware_interface.cpp:702:58:[m[K [01;35m[Kwarning: [m[K‘[01m[Krotation.tf2::QuadWord::m_floats[0][m[K’ may be used uninitialized in this function [[01;35m[K-Wmaybe-uninitialized[m[K]
  702 |   tcp_transform_.transform.rotation = tf2::toMsg(rotation[01;35m[K)[m[K;
      |                                                          [01;35m[K^[m[K
[ 69%] [32m[1mLinking CXX executable /home/huangyi/devspace/pybullet-test/devel/.private/ur_robot_driver/lib/ur_robot_driver/ur_robot_driver_node[0m
[ 76%] [32m[1mLinking CXX shared library /home/huangyi/devspace/pybullet-test/devel/.private/ur_robot_driver/lib/libur_robot_driver_plugin.so[0m
[ 92%] Built target ur_robot_driver_node
[100%] Built target ur_robot_driver_plugin
